SF:lib\core\error\failure.dart
DA:6,2
DA:8,0
DA:9,0
DA:13,0
DA:18,2
LF:5
LH:2
end_of_record
SF:lib\features\auth\domain\use_case\login_usecase.dart
DA:11,1
DA:17,0
DA:21,0
DA:22,0
DA:28,1
DA:30,1
DA:32,4
LF:7
LH:4
end_of_record
SF:lib\features\auth\domain\entity\auth_entity.dart
DA:11,1
DA:20,0
DA:21,0
LF:3
LH:1
end_of_record
SF:lib\features\auth\domain\validator\login_validation.dart
DA:2,1
DA:3,1
DA:4,2
DA:8,1
DA:9,1
DA:16,1
DA:17,1
LF:7
LH:7
end_of_record
SF:lib\features\auth\domain\use_case\register_user_usecase.dart
DA:17,1
DA:25,0
DA:32,0
DA:33,0
DA:39,1
DA:41,1
DA:43,1
DA:44,1
DA:45,1
DA:46,1
DA:47,1
DA:48,1
DA:50,2
DA:57,0
DA:66,0
DA:68,0
DA:70,0
LF:17
LH:10
end_of_record
SF:lib\features\auth\domain\validator\register_validator.dart
DA:2,1
DA:3,2
DA:9,1
DA:10,2
DA:13,1
DA:14,1
DA:20,1
DA:21,2
DA:24,4
DA:30,1
DA:31,2
DA:34,2
DA:40,1
DA:41,2
DA:44,1
LF:15
LH:15
end_of_record
